{"synthetic": false,
 "outputs":
 {"o": ["8624244446912656069"],
  "i": "5657317503313447919",
  "c": "883537184566565340"},
 "log":
 [{"message":
   ".> LEAN_PATH=C:\\Users\\USER\\Desktop\\project\\LEAN\\leanproject\\.lake\\packages\\Cli\\.lake\\build\\lib\\lean;C:\\Users\\USER\\Desktop\\project\\LEAN\\leanproject\\.lake\\packages\\batteries\\.lake\\build\\lib\\lean;C:\\Users\\USER\\Desktop\\project\\LEAN\\leanproject\\.lake\\packages\\Qq\\.lake\\build\\lib\\lean;C:\\Users\\USER\\Desktop\\project\\LEAN\\leanproject\\.lake\\packages\\aesop\\.lake\\build\\lib\\lean;C:\\Users\\USER\\Desktop\\project\\LEAN\\leanproject\\.lake\\packages\\proofwidgets\\.lake\\build\\lib\\lean;C:\\Users\\USER\\Desktop\\project\\LEAN\\leanproject\\.lake\\packages\\importGraph\\.lake\\build\\lib\\lean;C:\\Users\\USER\\Desktop\\project\\LEAN\\leanproject\\.lake\\packages\\LeanSearchClient\\.lake\\build\\lib\\lean;C:\\Users\\USER\\Desktop\\project\\LEAN\\leanproject\\.lake\\packages\\plausible\\.lake\\build\\lib\\lean;C:\\Users\\USER\\Desktop\\project\\LEAN\\leanproject\\.lake\\packages\\mathlib\\.lake\\build\\lib\\lean;C:\\Users\\USER\\Desktop\\project\\LEAN\\leanproject\\.lake\\build\\lib\\lean c:\\Users\\USER\\.elan\\toolchains\\leanprover--lean4---v4.24.0-rc1\\bin\\lean.exe C:\\Users\\USER\\Desktop\\project\\LEAN\\leanproject\\GroupTheoryProject.lean -o C:\\Users\\USER\\Desktop\\project\\LEAN\\leanproject\\.lake\\build\\lib\\lean\\GroupTheoryProject.olean -i C:\\Users\\USER\\Desktop\\project\\LEAN\\leanproject\\.lake\\build\\lib\\lean\\GroupTheoryProject.ilean -c C:\\Users\\USER\\Desktop\\project\\LEAN\\leanproject\\.lake\\build\\ir\\GroupTheoryProject.c --setup C:\\Users\\USER\\Desktop\\project\\LEAN\\leanproject\\.lake\\build\\ir\\GroupTheoryProject.setup.json --json",
   "level": "trace"}],
 "inputs":
 [["GroupTheoryProject:deps",
   [["deps",
     [["GroupTheoryProject/GroupTheoryProject:extraDep",
       [["@GroupTheoryProject:extraDep", "1723"]]],
      ["imports", "1723"]]],
    ["libs",
     [["import dynlibs", "1723"],
      ["package external libraries", "1723"],
      ["module dynlibs", "1723"],
      ["module plugins", "1723"]]]]],
  ["Lean 4.24.0, commit 919e297292280cdb27598edd4e03437be5850221",
   "16820442660988836695"],
  ["C:\\Users\\USER\\Desktop\\project\\LEAN\\leanproject\\GroupTheoryProject.lean",
   "2433114807351286261"],
  ["options", "1723"],
  ["Module.leanArgs: #[]", "1723"]],
 "depHash": "2319164520787247041"}